<?xml version="1.0" encoding="UTF-8"?>
<testsuite xmlns:xsi="http://www.w3.org/2001/XMLSchema-instance" xsi:noNamespaceSchemaLocation="https://maven.apache.org/surefire/maven-surefire-plugin/xsd/surefire-test-report-3.0.xsd" version="3.0" name="runner.runAll" time="18.114" tests="1" errors="0" skipped="0" failures="0">
  <properties>
    <property name="java.specification.version" value="19"/>
    <property name="sun.jnu.encoding" value="UTF-8"/>
    <property name="java.class.path" value="/Users/flp-9-muhammadminanda/IdeaProjects/automation-alfagift-android/target/test-classes:/Users/flp-9-muhammadminanda/IdeaProjects/automation-alfagift-android/target/classes:/Users/flp-9-muhammadminanda/.m2/repository/org/junit/vintage/junit-vintage-engine/5.9.1/junit-vintage-engine-5.9.1.jar:/Users/flp-9-muhammadminanda/.m2/repository/org/junit/platform/junit-platform-engine/1.9.1/junit-platform-engine-1.9.1.jar:/Users/flp-9-muhammadminanda/.m2/repository/junit/junit/4.13.2/junit-4.13.2.jar:/Users/flp-9-muhammadminanda/.m2/repository/org/hamcrest/hamcrest-core/1.3/hamcrest-core-1.3.jar:/Users/flp-9-muhammadminanda/.m2/repository/org/apiguardian/apiguardian-api/1.1.2/apiguardian-api-1.1.2.jar:/Users/flp-9-muhammadminanda/.m2/repository/org/seleniumhq/selenium/selenium-java/3.141.59/selenium-java-3.141.59.jar:/Users/flp-9-muhammadminanda/.m2/repository/org/seleniumhq/selenium/selenium-api/3.141.59/selenium-api-3.141.59.jar:/Users/flp-9-muhammadminanda/.m2/repository/org/seleniumhq/selenium/selenium-chrome-driver/3.141.59/selenium-chrome-driver-3.141.59.jar:/Users/flp-9-muhammadminanda/.m2/repository/org/seleniumhq/selenium/selenium-edge-driver/3.141.59/selenium-edge-driver-3.141.59.jar:/Users/flp-9-muhammadminanda/.m2/repository/org/seleniumhq/selenium/selenium-firefox-driver/3.141.59/selenium-firefox-driver-3.141.59.jar:/Users/flp-9-muhammadminanda/.m2/repository/org/seleniumhq/selenium/selenium-ie-driver/3.141.59/selenium-ie-driver-3.141.59.jar:/Users/flp-9-muhammadminanda/.m2/repository/org/seleniumhq/selenium/selenium-opera-driver/3.141.59/selenium-opera-driver-3.141.59.jar:/Users/flp-9-muhammadminanda/.m2/repository/org/seleniumhq/selenium/selenium-remote-driver/3.141.59/selenium-remote-driver-3.141.59.jar:/Users/flp-9-muhammadminanda/.m2/repository/org/seleniumhq/selenium/selenium-safari-driver/3.141.59/selenium-safari-driver-3.141.59.jar:/Users/flp-9-muhammadminanda/.m2/repository/org/seleniumhq/selenium/selenium-support/3.141.59/selenium-support-3.141.59.jar:/Users/flp-9-muhammadminanda/.m2/repository/net/bytebuddy/byte-buddy/1.8.15/byte-buddy-1.8.15.jar:/Users/flp-9-muhammadminanda/.m2/repository/org/apache/commons/commons-exec/1.3/commons-exec-1.3.jar:/Users/flp-9-muhammadminanda/.m2/repository/com/google/guava/guava/25.0-jre/guava-25.0-jre.jar:/Users/flp-9-muhammadminanda/.m2/repository/com/google/code/findbugs/jsr305/1.3.9/jsr305-1.3.9.jar:/Users/flp-9-muhammadminanda/.m2/repository/org/checkerframework/checker-compat-qual/2.0.0/checker-compat-qual-2.0.0.jar:/Users/flp-9-muhammadminanda/.m2/repository/com/google/errorprone/error_prone_annotations/2.1.3/error_prone_annotations-2.1.3.jar:/Users/flp-9-muhammadminanda/.m2/repository/com/google/j2objc/j2objc-annotations/1.1/j2objc-annotations-1.1.jar:/Users/flp-9-muhammadminanda/.m2/repository/org/codehaus/mojo/animal-sniffer-annotations/1.14/animal-sniffer-annotations-1.14.jar:/Users/flp-9-muhammadminanda/.m2/repository/com/squareup/okhttp3/okhttp/3.11.0/okhttp-3.11.0.jar:/Users/flp-9-muhammadminanda/.m2/repository/com/squareup/okio/okio/1.14.0/okio-1.14.0.jar:/Users/flp-9-muhammadminanda/.m2/repository/io/appium/java-client/7.5.1/java-client-7.5.1.jar:/Users/flp-9-muhammadminanda/.m2/repository/com/google/code/gson/gson/2.8.6/gson-2.8.6.jar:/Users/flp-9-muhammadminanda/.m2/repository/org/apache/httpcomponents/httpclient/4.5.13/httpclient-4.5.13.jar:/Users/flp-9-muhammadminanda/.m2/repository/org/apache/httpcomponents/httpcore/4.4.13/httpcore-4.4.13.jar:/Users/flp-9-muhammadminanda/.m2/repository/commons-logging/commons-logging/1.2/commons-logging-1.2.jar:/Users/flp-9-muhammadminanda/.m2/repository/commons-codec/commons-codec/1.11/commons-codec-1.11.jar:/Users/flp-9-muhammadminanda/.m2/repository/cglib/cglib/3.3.0/cglib-3.3.0.jar:/Users/flp-9-muhammadminanda/.m2/repository/org/ow2/asm/asm/7.1/asm-7.1.jar:/Users/flp-9-muhammadminanda/.m2/repository/commons-validator/commons-validator/1.7/commons-validator-1.7.jar:/Users/flp-9-muhammadminanda/.m2/repository/commons-beanutils/commons-beanutils/1.9.4/commons-beanutils-1.9.4.jar:/Users/flp-9-muhammadminanda/.m2/repository/commons-digester/commons-digester/2.1/commons-digester-2.1.jar:/Users/flp-9-muhammadminanda/.m2/repository/commons-collections/commons-collections/3.2.2/commons-collections-3.2.2.jar:/Users/flp-9-muhammadminanda/.m2/repository/org/apache/commons/commons-lang3/3.12.0/commons-lang3-3.12.0.jar:/Users/flp-9-muhammadminanda/.m2/repository/commons-io/commons-io/2.8.0/commons-io-2.8.0.jar:/Users/flp-9-muhammadminanda/.m2/repository/org/springframework/spring-context/5.3.4/spring-context-5.3.4.jar:/Users/flp-9-muhammadminanda/.m2/repository/org/springframework/spring-aop/5.3.4/spring-aop-5.3.4.jar:/Users/flp-9-muhammadminanda/.m2/repository/org/springframework/spring-beans/5.3.4/spring-beans-5.3.4.jar:/Users/flp-9-muhammadminanda/.m2/repository/org/springframework/spring-core/5.3.4/spring-core-5.3.4.jar:/Users/flp-9-muhammadminanda/.m2/repository/org/springframework/spring-jcl/5.3.4/spring-jcl-5.3.4.jar:/Users/flp-9-muhammadminanda/.m2/repository/org/springframework/spring-expression/5.3.4/spring-expression-5.3.4.jar:/Users/flp-9-muhammadminanda/.m2/repository/org/aspectj/aspectjweaver/1.9.6/aspectjweaver-1.9.6.jar:/Users/flp-9-muhammadminanda/.m2/repository/org/slf4j/slf4j-api/1.7.30/slf4j-api-1.7.30.jar:/Users/flp-9-muhammadminanda/.m2/repository/io/cucumber/cucumber-java/7.2.3/cucumber-java-7.2.3.jar:/Users/flp-9-muhammadminanda/.m2/repository/io/cucumber/cucumber-core/7.2.3/cucumber-core-7.2.3.jar:/Users/flp-9-muhammadminanda/.m2/repository/io/cucumber/cucumber-gherkin/7.2.3/cucumber-gherkin-7.2.3.jar:/Users/flp-9-muhammadminanda/.m2/repository/io/cucumber/cucumber-gherkin-messages/7.2.3/cucumber-gherkin-messages-7.2.3.jar:/Users/flp-9-muhammadminanda/.m2/repository/io/cucumber/messages/17.1.1/messages-17.1.1.jar:/Users/flp-9-muhammadminanda/.m2/repository/io/cucumber/tag-expressions/4.1.0/tag-expressions-4.1.0.jar:/Users/flp-9-muhammadminanda/.m2/repository/io/cucumber/cucumber-expressions/15.0.1/cucumber-expressions-15.0.1.jar:/Users/flp-9-muhammadminanda/.m2/repository/io/cucumber/datatable/7.2.3/datatable-7.2.3.jar:/Users/flp-9-muhammadminanda/.m2/repository/io/cucumber/cucumber-plugin/7.2.3/cucumber-plugin-7.2.3.jar:/Users/flp-9-muhammadminanda/.m2/repository/io/cucumber/docstring/7.2.3/docstring-7.2.3.jar:/Users/flp-9-muhammadminanda/.m2/repository/io/cucumber/html-formatter/17.0.0/html-formatter-17.0.0.jar:/Users/flp-9-muhammadminanda/.m2/repository/io/cucumber/ci-environment/8.1.0/ci-environment-8.1.0.jar:/Users/flp-9-muhammadminanda/.m2/repository/org/junit/jupiter/junit-jupiter-api/5.8.2/junit-jupiter-api-5.8.2.jar:/Users/flp-9-muhammadminanda/.m2/repository/org/opentest4j/opentest4j/1.2.0/opentest4j-1.2.0.jar:/Users/flp-9-muhammadminanda/.m2/repository/org/junit/platform/junit-platform-commons/1.8.2/junit-platform-commons-1.8.2.jar:/Users/flp-9-muhammadminanda/.m2/repository/io/cucumber/cucumber-junit/7.2.3/cucumber-junit-7.2.3.jar:/Users/flp-9-muhammadminanda/.m2/repository/mysql/mysql-connector-java/8.0.30/mysql-connector-java-8.0.30.jar:/Users/flp-9-muhammadminanda/.m2/repository/com/google/protobuf/protobuf-java/3.19.4/protobuf-java-3.19.4.jar:/Users/flp-9-muhammadminanda/.m2/repository/io/rest-assured/rest-assured/4.5.1/rest-assured-4.5.1.jar:/Users/flp-9-muhammadminanda/.m2/repository/org/codehaus/groovy/groovy/3.0.9/groovy-3.0.9.jar:/Users/flp-9-muhammadminanda/.m2/repository/org/codehaus/groovy/groovy-xml/3.0.9/groovy-xml-3.0.9.jar:/Users/flp-9-muhammadminanda/.m2/repository/org/apache/httpcomponents/httpmime/4.5.13/httpmime-4.5.13.jar:/Users/flp-9-muhammadminanda/.m2/repository/org/hamcrest/hamcrest/2.1/hamcrest-2.1.jar:/Users/flp-9-muhammadminanda/.m2/repository/org/ccil/cowan/tagsoup/tagsoup/1.2.1/tagsoup-1.2.1.jar:/Users/flp-9-muhammadminanda/.m2/repository/io/rest-assured/json-path/4.5.1/json-path-4.5.1.jar:/Users/flp-9-muhammadminanda/.m2/repository/org/codehaus/groovy/groovy-json/3.0.9/groovy-json-3.0.9.jar:/Users/flp-9-muhammadminanda/.m2/repository/io/rest-assured/rest-assured-common/4.5.1/rest-assured-common-4.5.1.jar:/Users/flp-9-muhammadminanda/.m2/repository/io/rest-assured/xml-path/4.5.1/xml-path-4.5.1.jar:/Users/flp-9-muhammadminanda/.m2/repository/com/googlecode/json-simple/json-simple/1.1.1/json-simple-1.1.1.jar:/Users/flp-9-muhammadminanda/.m2/repository/com/github/javafaker/javafaker/1.0.2/javafaker-1.0.2.jar:/Users/flp-9-muhammadminanda/.m2/repository/org/yaml/snakeyaml/1.23/snakeyaml-1.23-android.jar:/Users/flp-9-muhammadminanda/.m2/repository/com/github/mifmif/generex/1.0.2/generex-1.0.2.jar:/Users/flp-9-muhammadminanda/.m2/repository/dk/brics/automaton/automaton/1.11-8/automaton-1.11-8.jar:"/>
    <property name="java.vm.vendor" value="Homebrew"/>
    <property name="sun.arch.data.model" value="64"/>
    <property name="java.vendor.url" value="https://github.com/Homebrew/homebrew-core/issues"/>
    <property name="user.timezone" value="Asia/Jakarta"/>
    <property name="os.name" value="Mac OS X"/>
    <property name="java.vm.specification.version" value="19"/>
    <property name="sun.java.launcher" value="SUN_STANDARD"/>
    <property name="user.country" value="ID"/>
    <property name="sun.boot.library.path" value="/opt/homebrew/Cellar/openjdk/19.0.1/libexec/openjdk.jdk/Contents/Home/lib"/>
    <property name="sun.java.command" value="/Users/flp-9-muhammadminanda/IdeaProjects/automation-alfagift-android/target/surefire/surefirebooter-20230128153205309_3.jar /Users/flp-9-muhammadminanda/IdeaProjects/automation-alfagift-android/target/surefire 2023-01-28T15-32-05_187-jvmRun1 surefire-20230128153205309_1tmp surefire_0-20230128153205309_2tmp"/>
    <property name="http.nonProxyHosts" value="local|*.local|169.254/16|*.169.254/16"/>
    <property name="jdk.debug" value="release"/>
    <property name="surefire.test.class.path" value="/Users/flp-9-muhammadminanda/IdeaProjects/automation-alfagift-android/target/test-classes:/Users/flp-9-muhammadminanda/IdeaProjects/automation-alfagift-android/target/classes:/Users/flp-9-muhammadminanda/.m2/repository/org/junit/vintage/junit-vintage-engine/5.9.1/junit-vintage-engine-5.9.1.jar:/Users/flp-9-muhammadminanda/.m2/repository/org/junit/platform/junit-platform-engine/1.9.1/junit-platform-engine-1.9.1.jar:/Users/flp-9-muhammadminanda/.m2/repository/junit/junit/4.13.2/junit-4.13.2.jar:/Users/flp-9-muhammadminanda/.m2/repository/org/hamcrest/hamcrest-core/1.3/hamcrest-core-1.3.jar:/Users/flp-9-muhammadminanda/.m2/repository/org/apiguardian/apiguardian-api/1.1.2/apiguardian-api-1.1.2.jar:/Users/flp-9-muhammadminanda/.m2/repository/org/seleniumhq/selenium/selenium-java/3.141.59/selenium-java-3.141.59.jar:/Users/flp-9-muhammadminanda/.m2/repository/org/seleniumhq/selenium/selenium-api/3.141.59/selenium-api-3.141.59.jar:/Users/flp-9-muhammadminanda/.m2/repository/org/seleniumhq/selenium/selenium-chrome-driver/3.141.59/selenium-chrome-driver-3.141.59.jar:/Users/flp-9-muhammadminanda/.m2/repository/org/seleniumhq/selenium/selenium-edge-driver/3.141.59/selenium-edge-driver-3.141.59.jar:/Users/flp-9-muhammadminanda/.m2/repository/org/seleniumhq/selenium/selenium-firefox-driver/3.141.59/selenium-firefox-driver-3.141.59.jar:/Users/flp-9-muhammadminanda/.m2/repository/org/seleniumhq/selenium/selenium-ie-driver/3.141.59/selenium-ie-driver-3.141.59.jar:/Users/flp-9-muhammadminanda/.m2/repository/org/seleniumhq/selenium/selenium-opera-driver/3.141.59/selenium-opera-driver-3.141.59.jar:/Users/flp-9-muhammadminanda/.m2/repository/org/seleniumhq/selenium/selenium-remote-driver/3.141.59/selenium-remote-driver-3.141.59.jar:/Users/flp-9-muhammadminanda/.m2/repository/org/seleniumhq/selenium/selenium-safari-driver/3.141.59/selenium-safari-driver-3.141.59.jar:/Users/flp-9-muhammadminanda/.m2/repository/org/seleniumhq/selenium/selenium-support/3.141.59/selenium-support-3.141.59.jar:/Users/flp-9-muhammadminanda/.m2/repository/net/bytebuddy/byte-buddy/1.8.15/byte-buddy-1.8.15.jar:/Users/flp-9-muhammadminanda/.m2/repository/org/apache/commons/commons-exec/1.3/commons-exec-1.3.jar:/Users/flp-9-muhammadminanda/.m2/repository/com/google/guava/guava/25.0-jre/guava-25.0-jre.jar:/Users/flp-9-muhammadminanda/.m2/repository/com/google/code/findbugs/jsr305/1.3.9/jsr305-1.3.9.jar:/Users/flp-9-muhammadminanda/.m2/repository/org/checkerframework/checker-compat-qual/2.0.0/checker-compat-qual-2.0.0.jar:/Users/flp-9-muhammadminanda/.m2/repository/com/google/errorprone/error_prone_annotations/2.1.3/error_prone_annotations-2.1.3.jar:/Users/flp-9-muhammadminanda/.m2/repository/com/google/j2objc/j2objc-annotations/1.1/j2objc-annotations-1.1.jar:/Users/flp-9-muhammadminanda/.m2/repository/org/codehaus/mojo/animal-sniffer-annotations/1.14/animal-sniffer-annotations-1.14.jar:/Users/flp-9-muhammadminanda/.m2/repository/com/squareup/okhttp3/okhttp/3.11.0/okhttp-3.11.0.jar:/Users/flp-9-muhammadminanda/.m2/repository/com/squareup/okio/okio/1.14.0/okio-1.14.0.jar:/Users/flp-9-muhammadminanda/.m2/repository/io/appium/java-client/7.5.1/java-client-7.5.1.jar:/Users/flp-9-muhammadminanda/.m2/repository/com/google/code/gson/gson/2.8.6/gson-2.8.6.jar:/Users/flp-9-muhammadminanda/.m2/repository/org/apache/httpcomponents/httpclient/4.5.13/httpclient-4.5.13.jar:/Users/flp-9-muhammadminanda/.m2/repository/org/apache/httpcomponents/httpcore/4.4.13/httpcore-4.4.13.jar:/Users/flp-9-muhammadminanda/.m2/repository/commons-logging/commons-logging/1.2/commons-logging-1.2.jar:/Users/flp-9-muhammadminanda/.m2/repository/commons-codec/commons-codec/1.11/commons-codec-1.11.jar:/Users/flp-9-muhammadminanda/.m2/repository/cglib/cglib/3.3.0/cglib-3.3.0.jar:/Users/flp-9-muhammadminanda/.m2/repository/org/ow2/asm/asm/7.1/asm-7.1.jar:/Users/flp-9-muhammadminanda/.m2/repository/commons-validator/commons-validator/1.7/commons-validator-1.7.jar:/Users/flp-9-muhammadminanda/.m2/repository/commons-beanutils/commons-beanutils/1.9.4/commons-beanutils-1.9.4.jar:/Users/flp-9-muhammadminanda/.m2/repository/commons-digester/commons-digester/2.1/commons-digester-2.1.jar:/Users/flp-9-muhammadminanda/.m2/repository/commons-collections/commons-collections/3.2.2/commons-collections-3.2.2.jar:/Users/flp-9-muhammadminanda/.m2/repository/org/apache/commons/commons-lang3/3.12.0/commons-lang3-3.12.0.jar:/Users/flp-9-muhammadminanda/.m2/repository/commons-io/commons-io/2.8.0/commons-io-2.8.0.jar:/Users/flp-9-muhammadminanda/.m2/repository/org/springframework/spring-context/5.3.4/spring-context-5.3.4.jar:/Users/flp-9-muhammadminanda/.m2/repository/org/springframework/spring-aop/5.3.4/spring-aop-5.3.4.jar:/Users/flp-9-muhammadminanda/.m2/repository/org/springframework/spring-beans/5.3.4/spring-beans-5.3.4.jar:/Users/flp-9-muhammadminanda/.m2/repository/org/springframework/spring-core/5.3.4/spring-core-5.3.4.jar:/Users/flp-9-muhammadminanda/.m2/repository/org/springframework/spring-jcl/5.3.4/spring-jcl-5.3.4.jar:/Users/flp-9-muhammadminanda/.m2/repository/org/springframework/spring-expression/5.3.4/spring-expression-5.3.4.jar:/Users/flp-9-muhammadminanda/.m2/repository/org/aspectj/aspectjweaver/1.9.6/aspectjweaver-1.9.6.jar:/Users/flp-9-muhammadminanda/.m2/repository/org/slf4j/slf4j-api/1.7.30/slf4j-api-1.7.30.jar:/Users/flp-9-muhammadminanda/.m2/repository/io/cucumber/cucumber-java/7.2.3/cucumber-java-7.2.3.jar:/Users/flp-9-muhammadminanda/.m2/repository/io/cucumber/cucumber-core/7.2.3/cucumber-core-7.2.3.jar:/Users/flp-9-muhammadminanda/.m2/repository/io/cucumber/cucumber-gherkin/7.2.3/cucumber-gherkin-7.2.3.jar:/Users/flp-9-muhammadminanda/.m2/repository/io/cucumber/cucumber-gherkin-messages/7.2.3/cucumber-gherkin-messages-7.2.3.jar:/Users/flp-9-muhammadminanda/.m2/repository/io/cucumber/messages/17.1.1/messages-17.1.1.jar:/Users/flp-9-muhammadminanda/.m2/repository/io/cucumber/tag-expressions/4.1.0/tag-expressions-4.1.0.jar:/Users/flp-9-muhammadminanda/.m2/repository/io/cucumber/cucumber-expressions/15.0.1/cucumber-expressions-15.0.1.jar:/Users/flp-9-muhammadminanda/.m2/repository/io/cucumber/datatable/7.2.3/datatable-7.2.3.jar:/Users/flp-9-muhammadminanda/.m2/repository/io/cucumber/cucumber-plugin/7.2.3/cucumber-plugin-7.2.3.jar:/Users/flp-9-muhammadminanda/.m2/repository/io/cucumber/docstring/7.2.3/docstring-7.2.3.jar:/Users/flp-9-muhammadminanda/.m2/repository/io/cucumber/html-formatter/17.0.0/html-formatter-17.0.0.jar:/Users/flp-9-muhammadminanda/.m2/repository/io/cucumber/ci-environment/8.1.0/ci-environment-8.1.0.jar:/Users/flp-9-muhammadminanda/.m2/repository/org/junit/jupiter/junit-jupiter-api/5.8.2/junit-jupiter-api-5.8.2.jar:/Users/flp-9-muhammadminanda/.m2/repository/org/opentest4j/opentest4j/1.2.0/opentest4j-1.2.0.jar:/Users/flp-9-muhammadminanda/.m2/repository/org/junit/platform/junit-platform-commons/1.8.2/junit-platform-commons-1.8.2.jar:/Users/flp-9-muhammadminanda/.m2/repository/io/cucumber/cucumber-junit/7.2.3/cucumber-junit-7.2.3.jar:/Users/flp-9-muhammadminanda/.m2/repository/mysql/mysql-connector-java/8.0.30/mysql-connector-java-8.0.30.jar:/Users/flp-9-muhammadminanda/.m2/repository/com/google/protobuf/protobuf-java/3.19.4/protobuf-java-3.19.4.jar:/Users/flp-9-muhammadminanda/.m2/repository/io/rest-assured/rest-assured/4.5.1/rest-assured-4.5.1.jar:/Users/flp-9-muhammadminanda/.m2/repository/org/codehaus/groovy/groovy/3.0.9/groovy-3.0.9.jar:/Users/flp-9-muhammadminanda/.m2/repository/org/codehaus/groovy/groovy-xml/3.0.9/groovy-xml-3.0.9.jar:/Users/flp-9-muhammadminanda/.m2/repository/org/apache/httpcomponents/httpmime/4.5.13/httpmime-4.5.13.jar:/Users/flp-9-muhammadminanda/.m2/repository/org/hamcrest/hamcrest/2.1/hamcrest-2.1.jar:/Users/flp-9-muhammadminanda/.m2/repository/org/ccil/cowan/tagsoup/tagsoup/1.2.1/tagsoup-1.2.1.jar:/Users/flp-9-muhammadminanda/.m2/repository/io/rest-assured/json-path/4.5.1/json-path-4.5.1.jar:/Users/flp-9-muhammadminanda/.m2/repository/org/codehaus/groovy/groovy-json/3.0.9/groovy-json-3.0.9.jar:/Users/flp-9-muhammadminanda/.m2/repository/io/rest-assured/rest-assured-common/4.5.1/rest-assured-common-4.5.1.jar:/Users/flp-9-muhammadminanda/.m2/repository/io/rest-assured/xml-path/4.5.1/xml-path-4.5.1.jar:/Users/flp-9-muhammadminanda/.m2/repository/com/googlecode/json-simple/json-simple/1.1.1/json-simple-1.1.1.jar:/Users/flp-9-muhammadminanda/.m2/repository/com/github/javafaker/javafaker/1.0.2/javafaker-1.0.2.jar:/Users/flp-9-muhammadminanda/.m2/repository/org/yaml/snakeyaml/1.23/snakeyaml-1.23-android.jar:/Users/flp-9-muhammadminanda/.m2/repository/com/github/mifmif/generex/1.0.2/generex-1.0.2.jar:/Users/flp-9-muhammadminanda/.m2/repository/dk/brics/automaton/automaton/1.11-8/automaton-1.11-8.jar:"/>
    <property name="sun.cpu.endian" value="little"/>
    <property name="user.home" value="/Users/flp-9-muhammadminanda"/>
    <property name="user.language" value="en"/>
    <property name="java.specification.vendor" value="Oracle Corporation"/>
    <property name="java.version.date" value="2022-10-18"/>
    <property name="java.home" value="/opt/homebrew/Cellar/openjdk/19.0.1/libexec/openjdk.jdk/Contents/Home"/>
    <property name="file.separator" value="/"/>
    <property name="basedir" value="/Users/flp-9-muhammadminanda/IdeaProjects/automation-alfagift-android"/>
    <property name="java.vm.compressedOopsMode" value="Zero based"/>
    <property name="line.separator" value="&#10;"/>
    <property name="java.vm.specification.vendor" value="Oracle Corporation"/>
    <property name="java.specification.name" value="Java Platform API Specification"/>
    <property name="apple.awt.application.name" value="ForkedBooter"/>
    <property name="surefire.real.class.path" value="/Users/flp-9-muhammadminanda/IdeaProjects/automation-alfagift-android/target/surefire/surefirebooter-20230128153205309_3.jar"/>
    <property name="sun.management.compiler" value="HotSpot 64-Bit Tiered Compilers"/>
    <property name="ftp.nonProxyHosts" value="local|*.local|169.254/16|*.169.254/16"/>
    <property name="java.runtime.version" value="19.0.1"/>
    <property name="user.name" value="flp-9-muhammadminanda"/>
    <property name="stdout.encoding" value="UTF-8"/>
    <property name="path.separator" value=":"/>
    <property name="os.version" value="12.6"/>
    <property name="java.runtime.name" value="OpenJDK Runtime Environment"/>
    <property name="file.encoding" value="UTF-8"/>
    <property name="java.vm.name" value="OpenJDK 64-Bit Server VM"/>
    <property name="java.vendor.version" value="Homebrew"/>
    <property name="localRepository" value="/Users/flp-9-muhammadminanda/.m2/repository"/>
    <property name="java.vendor.url.bug" value="https://github.com/Homebrew/homebrew-core/issues"/>
    <property name="java.io.tmpdir" value="/var/folders/46/h6j80b8n14ldvcnlmt_lqrjc0000gp/T/"/>
    <property name="java.version" value="19.0.1"/>
    <property name="user.dir" value="/Users/flp-9-muhammadminanda/IdeaProjects/automation-alfagift-android"/>
    <property name="os.arch" value="aarch64"/>
    <property name="java.vm.specification.name" value="Java Virtual Machine Specification"/>
    <property name="native.encoding" value="UTF-8"/>
    <property name="java.library.path" value="/Users/flp-9-muhammadminanda/Library/Java/Extensions:/Library/Java/Extensions:/Network/Library/Java/Extensions:/System/Library/Java/Extensions:/usr/lib/java:."/>
    <property name="java.vm.info" value="mixed mode, sharing"/>
    <property name="stderr.encoding" value="UTF-8"/>
    <property name="java.vendor" value="Homebrew"/>
    <property name="java.vm.version" value="19.0.1"/>
    <property name="sun.io.unicode.encoding" value="UnicodeBig"/>
    <property name="socksNonProxyHosts" value="local|*.local|169.254/16|*.169.254/16"/>
    <property name="java.class.version" value="63.0"/>
  </properties>
  <testcase name="TC7 - Ensure user failed Login with null password" classname="Login" time="17.939">
    <system-err><![CDATA[Jan 28, 2023 3:32:17 PM io.appium.java_client.remote.AppiumCommandExecutor$1 lambda$0
INFO: Detected dialect: W3C
]]></system-err>
  </testcase>
</testsuite>